This is pdfTeX, Version 3.141592653-2.6-1.40.25 (TeX Live 2023/Arch Linux) (preloaded format=pdflatex 2024.2.9)  4 MAR 2024 22:53
entering extended mode
 restricted \write18 enabled.
 %&-line parsing enabled.
**/home/demindx/maturita/latex/main.tex
(/home/demindx/maturita/latex/main.tex
LaTeX2e <2022-11-01> patch level 1
L3 programming layer <2023-02-22> (./preamble.tex
(/usr/share/texmf-dist/tex/latex/base/article.cls
Document Class: article 2022/07/02 v1.4n Standard LaTeX document class
(/usr/share/texmf-dist/tex/latex/base/size12.clo
File: size12.clo 2022/07/02 v1.4n Standard LaTeX file (size option)
)
\c@part=\count185
\c@section=\count186
\c@subsection=\count187
\c@subsubsection=\count188
\c@paragraph=\count189
\c@subparagraph=\count190
\c@figure=\count191
\c@table=\count192
\abovecaptionskip=\skip48
\belowcaptionskip=\skip49
\bibindent=\dimen140
)
(/usr/share/texmf-dist/tex/latex/graphics/graphicx.sty
Package: graphicx 2021/09/16 v1.2d Enhanced LaTeX Graphics (DPC,SPQR)

(/usr/share/texmf-dist/tex/latex/graphics/keyval.sty
Package: keyval 2022/05/29 v1.15 key=value parser (DPC)
\KV@toks@=\toks16
)
(/usr/share/texmf-dist/tex/latex/graphics/graphics.sty
Package: graphics 2022/03/10 v1.4e Standard LaTeX Graphics (DPC,SPQR)

(/usr/share/texmf-dist/tex/latex/graphics/trig.sty
Package: trig 2021/08/11 v1.11 sin cos tan (DPC)
)
(/usr/share/texmf-dist/tex/latex/graphics-cfg/graphics.cfg
File: graphics.cfg 2016/06/04 v1.11 sample graphics configuration
)
Package graphics Info: Driver file: pdftex.def on input line 107.

(/usr/share/texmf-dist/tex/latex/graphics-def/pdftex.def
File: pdftex.def 2022/09/22 v1.2b Graphics/color driver for pdftex
))
\Gin@req@height=\dimen141
\Gin@req@width=\dimen142
)
(/usr/share/texmf-dist/tex/latex/hyperref/hyperref.sty
Package: hyperref 2023-02-07 v7.00v Hypertext links for LaTeX

(/usr/share/texmf-dist/tex/generic/ltxcmds/ltxcmds.sty
Package: ltxcmds 2020-05-10 v1.25 LaTeX kernel commands for general use (HO)
)
(/usr/share/texmf-dist/tex/generic/iftex/iftex.sty
Package: iftex 2022/02/03 v1.0f TeX engine tests
)
(/usr/share/texmf-dist/tex/generic/pdftexcmds/pdftexcmds.sty
Package: pdftexcmds 2020-06-27 v0.33 Utility functions of pdfTeX for LuaTeX (HO
)

(/usr/share/texmf-dist/tex/generic/infwarerr/infwarerr.sty
Package: infwarerr 2019/12/03 v1.5 Providing info/warning/error messages (HO)
)
Package pdftexcmds Info: \pdf@primitive is available.
Package pdftexcmds Info: \pdf@ifprimitive is available.
Package pdftexcmds Info: \pdfdraftmode found.
)
(/usr/share/texmf-dist/tex/latex/kvsetkeys/kvsetkeys.sty
Package: kvsetkeys 2022-10-05 v1.19 Key value parser (HO)
)
(/usr/share/texmf-dist/tex/generic/kvdefinekeys/kvdefinekeys.sty
Package: kvdefinekeys 2019-12-19 v1.6 Define keys (HO)
)
(/usr/share/texmf-dist/tex/generic/pdfescape/pdfescape.sty
Package: pdfescape 2019/12/09 v1.15 Implements pdfTeX's escape features (HO)
)
(/usr/share/texmf-dist/tex/latex/hycolor/hycolor.sty
Package: hycolor 2020-01-27 v1.10 Color options for hyperref/bookmark (HO)
)
(/usr/share/texmf-dist/tex/latex/letltxmacro/letltxmacro.sty
Package: letltxmacro 2019/12/03 v1.6 Let assignment for LaTeX macros (HO)
)
(/usr/share/texmf-dist/tex/latex/auxhook/auxhook.sty
Package: auxhook 2019-12-17 v1.6 Hooks for auxiliary files (HO)
)
(/usr/share/texmf-dist/tex/latex/hyperref/nameref.sty
Package: nameref 2022-05-17 v2.50 Cross-referencing by name of section

(/usr/share/texmf-dist/tex/latex/refcount/refcount.sty
Package: refcount 2019/12/15 v3.6 Data extraction from label references (HO)
)
(/usr/share/texmf-dist/tex/generic/gettitlestring/gettitlestring.sty
Package: gettitlestring 2019/12/15 v1.6 Cleanup title references (HO)

(/usr/share/texmf-dist/tex/latex/kvoptions/kvoptions.sty
Package: kvoptions 2022-06-15 v3.15 Key value format for package options (HO)
))
\c@section@level=\count193
)
\@linkdim=\dimen143
\Hy@linkcounter=\count194
\Hy@pagecounter=\count195

(/usr/share/texmf-dist/tex/latex/hyperref/pd1enc.def
File: pd1enc.def 2023-02-07 v7.00v Hyperref: PDFDocEncoding definition (HO)
Now handling font encoding PD1 ...
... no UTF-8 mapping file for font encoding PD1
)
(/usr/share/texmf-dist/tex/generic/intcalc/intcalc.sty
Package: intcalc 2019/12/15 v1.3 Expandable calculations with integers (HO)
)
(/usr/share/texmf-dist/tex/generic/etexcmds/etexcmds.sty
Package: etexcmds 2019/12/15 v1.7 Avoid name clashes with e-TeX commands (HO)
)
\Hy@SavedSpaceFactor=\count196

(/usr/share/texmf-dist/tex/latex/hyperref/puenc.def
File: puenc.def 2023-02-07 v7.00v Hyperref: PDF Unicode definition (HO)
Now handling font encoding PU ...
... no UTF-8 mapping file for font encoding PU
)
Package hyperref Info: Hyper figures OFF on input line 4177.
Package hyperref Info: Link nesting OFF on input line 4182.
Package hyperref Info: Hyper index ON on input line 4185.
Package hyperref Info: Plain pages OFF on input line 4192.
Package hyperref Info: Backreferencing OFF on input line 4197.
Package hyperref Info: Implicit mode ON; LaTeX internals redefined.
Package hyperref Info: Bookmarks ON on input line 4425.
\c@Hy@tempcnt=\count197

(/usr/share/texmf-dist/tex/latex/url/url.sty
\Urlmuskip=\muskip16
Package: url 2013/09/16  ver 3.4  Verb mode for urls, etc.
)
LaTeX Info: Redefining \url on input line 4763.
\XeTeXLinkMargin=\dimen144

(/usr/share/texmf-dist/tex/generic/bitset/bitset.sty
Package: bitset 2019/12/09 v1.3 Handle bit-vector datatype (HO)

(/usr/share/texmf-dist/tex/generic/bigintcalc/bigintcalc.sty
Package: bigintcalc 2019/12/15 v1.5 Expandable calculations on big integers (HO
)
))
\Fld@menulength=\count198
\Field@Width=\dimen145
\Fld@charsize=\dimen146
Package hyperref Info: Hyper figures OFF on input line 6042.
Package hyperref Info: Link nesting OFF on input line 6047.
Package hyperref Info: Hyper index ON on input line 6050.
Package hyperref Info: backreferencing OFF on input line 6057.
Package hyperref Info: Link coloring OFF on input line 6062.
Package hyperref Info: Link coloring with OCG OFF on input line 6067.
Package hyperref Info: PDF/A mode OFF on input line 6072.

(/usr/share/texmf-dist/tex/latex/base/atbegshi-ltx.sty
Package: atbegshi-ltx 2021/01/10 v1.0c Emulation of the original atbegshi
package with kernel methods
)
\Hy@abspage=\count199
\c@Item=\count266
\c@Hfootnote=\count267
)
Package hyperref Info: Driver (autodetected): hpdftex.

(/usr/share/texmf-dist/tex/latex/hyperref/hpdftex.def
File: hpdftex.def 2023-02-07 v7.00v Hyperref driver for pdfTeX

(/usr/share/texmf-dist/tex/latex/base/atveryend-ltx.sty
Package: atveryend-ltx 2020/08/19 v1.0a Emulation of the original atveryend pac
kage
with kernel methods
)
\Fld@listcount=\count268
\c@bookmark@seq@number=\count269

(/usr/share/texmf-dist/tex/latex/rerunfilecheck/rerunfilecheck.sty
Package: rerunfilecheck 2022-07-10 v1.10 Rerun checks for auxiliary files (HO)

(/usr/share/texmf-dist/tex/generic/uniquecounter/uniquecounter.sty
Package: uniquecounter 2019/12/15 v1.4 Provide unlimited unique counter (HO)
)
Package uniquecounter Info: New unique counter `rerunfilecheck' on input line 2
85.
)
\Hy@SectionHShift=\skip50
)
(/usr/share/texmf-dist/tex/latex/geometry/geometry.sty
Package: geometry 2020/01/02 v5.9 Page Geometry

(/usr/share/texmf-dist/tex/generic/iftex/ifvtex.sty
Package: ifvtex 2019/10/25 v1.7 ifvtex legacy package. Use iftex instead.
)
\Gm@cnth=\count270
\Gm@cntv=\count271
\c@Gm@tempcnt=\count272
\Gm@bindingoffset=\dimen147
\Gm@wd@mp=\dimen148
\Gm@odd@mp=\dimen149
\Gm@even@mp=\dimen150
\Gm@layoutwidth=\dimen151
\Gm@layoutheight=\dimen152
\Gm@layouthoffset=\dimen153
\Gm@layoutvoffset=\dimen154
\Gm@dimlist=\toks17
)
(/usr/share/texmf-dist/tex/latex/psnfss/times.sty
Package: times 2020/03/25 PSNFSS-v9.3 (SPQR) 
)
(/usr/share/texmf-dist/tex/latex/marvosym/marvosym.sty
Package: marvosym 2011/07/20 v2.2 Martin Vogel's Symbols font definitions
)
(/usr/share/texmf-dist/tex/latex/amsmath/amsmath.sty
Package: amsmath 2022/04/08 v2.17n AMS math features
\@mathmargin=\skip51

For additional information on amsmath, use the `?' option.
(/usr/share/texmf-dist/tex/latex/amsmath/amstext.sty
Package: amstext 2021/08/26 v2.01 AMS text

(/usr/share/texmf-dist/tex/latex/amsmath/amsgen.sty
File: amsgen.sty 1999/11/30 v2.0 generic functions
\@emptytoks=\toks18
\ex@=\dimen155
))
(/usr/share/texmf-dist/tex/latex/amsmath/amsbsy.sty
Package: amsbsy 1999/11/29 v1.2d Bold Symbols
\pmbraise@=\dimen156
)
(/usr/share/texmf-dist/tex/latex/amsmath/amsopn.sty
Package: amsopn 2022/04/08 v2.04 operator names
)
\inf@bad=\count273
LaTeX Info: Redefining \frac on input line 234.
\uproot@=\count274
\leftroot@=\count275
LaTeX Info: Redefining \overline on input line 399.
LaTeX Info: Redefining \colon on input line 410.
\classnum@=\count276
\DOTSCASE@=\count277
LaTeX Info: Redefining \ldots on input line 496.
LaTeX Info: Redefining \dots on input line 499.
LaTeX Info: Redefining \cdots on input line 620.
\Mathstrutbox@=\box51
\strutbox@=\box52
LaTeX Info: Redefining \big on input line 722.
LaTeX Info: Redefining \Big on input line 723.
LaTeX Info: Redefining \bigg on input line 724.
LaTeX Info: Redefining \Bigg on input line 725.
\big@size=\dimen157
LaTeX Font Info:    Redeclaring font encoding OML on input line 743.
LaTeX Font Info:    Redeclaring font encoding OMS on input line 744.
\macc@depth=\count278
LaTeX Info: Redefining \bmod on input line 905.
LaTeX Info: Redefining \pmod on input line 910.
LaTeX Info: Redefining \smash on input line 940.
LaTeX Info: Redefining \relbar on input line 970.
LaTeX Info: Redefining \Relbar on input line 971.
\c@MaxMatrixCols=\count279
\dotsspace@=\muskip17
\c@parentequation=\count280
\dspbrk@lvl=\count281
\tag@help=\toks19
\row@=\count282
\column@=\count283
\maxfields@=\count284
\andhelp@=\toks20
\eqnshift@=\dimen158
\alignsep@=\dimen159
\tagshift@=\dimen160
\tagwidth@=\dimen161
\totwidth@=\dimen162
\lineht@=\dimen163
\@envbody=\toks21
\multlinegap=\skip52
\multlinetaggap=\skip53
\mathdisplay@stack=\toks22
LaTeX Info: Redefining \[ on input line 2953.
LaTeX Info: Redefining \] on input line 2954.
)
(/usr/share/texmf-dist/tex/latex/tocloft/tocloft.sty
Package: tocloft 2017/08/31 v2.3i parameterised ToC, etc., typesetting
Package tocloft Info: The document has section divisions on input line 51.
\cftparskip=\skip54
\cftbeforetoctitleskip=\skip55
\cftaftertoctitleskip=\skip56
\cftbeforepartskip=\skip57
\cftpartnumwidth=\skip58
\cftpartindent=\skip59
\cftbeforesecskip=\skip60
\cftsecindent=\skip61
\cftsecnumwidth=\skip62
\cftbeforesubsecskip=\skip63
\cftsubsecindent=\skip64
\cftsubsecnumwidth=\skip65
\cftbeforesubsubsecskip=\skip66
\cftsubsubsecindent=\skip67
\cftsubsubsecnumwidth=\skip68
\cftbeforeparaskip=\skip69
\cftparaindent=\skip70
\cftparanumwidth=\skip71
\cftbeforesubparaskip=\skip72
\cftsubparaindent=\skip73
\cftsubparanumwidth=\skip74
\cftbeforeloftitleskip=\skip75
\cftafterloftitleskip=\skip76
\cftbeforefigskip=\skip77
\cftfigindent=\skip78
\cftfignumwidth=\skip79
\c@lofdepth=\count285
\c@lotdepth=\count286
\cftbeforelottitleskip=\skip80
\cftafterlottitleskip=\skip81
\cftbeforetabskip=\skip82
\cfttabindent=\skip83
\cfttabnumwidth=\skip84
)
(/usr/share/texmf-dist/tex/latex/changepage/changepage.sty
Package: changepage 2009/10/20 v1.0c check page and change page layout
\c@cp@cntr=\count287
\cp@tempcnt=\count288
)
(/usr/share/texmf-dist/tex/generic/babel/babel.sty
Package: babel 2023/02/13 3.86 The Babel package
\babel@savecnt=\count289
\U@D=\dimen164
\l@unhyphenated=\language3

(/usr/share/texmf-dist/tex/generic/babel/txtbabel.def)
\bbl@readstream=\read2
\bbl@dirlevel=\count290


! Package babel Error: Unknown option 'slovak'. Either you misspelled it
(babel)                or the language definition file slovak.ldf was not found
.

See the babel package documentation for explanation.
Type  H <return>  for immediate help.
 ...                                              
                                                  
l.4373 \ProcessOptions*
                       
Valid options are, among others: shorthands=, KeepShorthandsActive,
activeacute, activegrave, noconfigs, safe=, main=, math=
headfoot=, strings=, config=, hyphenmap=, or a language name.

Package babel Info: You haven't specified a language as a class or package
(babel)             option. I'll load 'nil'. Reported on input line 4422.
(/usr/share/texmf-dist/tex/generic/babel/nil.ldf
Language: nil 2023/02/13 3.86 Nil language
\l@nil=\language4
))
Package hyperref Info: Option `colorlinks' set `true' on input line 24.
) (./commands.tex)
LaTeX Font Info:    Trying to load font information for OT1+ptm on input line 4
.

(/usr/share/texmf-dist/tex/latex/psnfss/ot1ptm.fd
File: ot1ptm.fd 2001/06/04 font definitions for OT1/ptm.
)
(/usr/share/texmf-dist/tex/latex/l3backend/l3backend-pdftex.def
File: l3backend-pdftex.def 2023-01-16 L3 backend support: PDF output (pdfTeX)
\l__color_backend_stack_int=\count291
\l__pdf_internal_box=\box53
) (./main.aux
(./titlepage.aux) (./introduction.aux))
\openout1 = `main.aux'.

LaTeX Font Info:    Checking defaults for OML/cmm/m/it on input line 4.
LaTeX Font Info:    ... okay on input line 4.
LaTeX Font Info:    Checking defaults for OMS/cmsy/m/n on input line 4.
LaTeX Font Info:    ... okay on input line 4.
LaTeX Font Info:    Checking defaults for OT1/cmr/m/n on input line 4.
LaTeX Font Info:    ... okay on input line 4.
LaTeX Font Info:    Checking defaults for T1/cmr/m/n on input line 4.
LaTeX Font Info:    ... okay on input line 4.
LaTeX Font Info:    Checking defaults for TS1/cmr/m/n on input line 4.
LaTeX Font Info:    ... okay on input line 4.
LaTeX Font Info:    Checking defaults for OMX/cmex/m/n on input line 4.
LaTeX Font Info:    ... okay on input line 4.
LaTeX Font Info:    Checking defaults for U/cmr/m/n on input line 4.
LaTeX Font Info:    ... okay on input line 4.
LaTeX Font Info:    Checking defaults for PD1/pdf/m/n on input line 4.
LaTeX Font Info:    ... okay on input line 4.
LaTeX Font Info:    Checking defaults for PU/pdf/m/n on input line 4.
LaTeX Font Info:    ... okay on input line 4.

(/usr/share/texmf-dist/tex/context/base/mkii/supp-pdf.mkii
[Loading MPS to PDF converter (version 2006.09.02).]
\scratchcounter=\count292
\scratchdimen=\dimen165
\scratchbox=\box54
\nofMPsegments=\count293
\nofMParguments=\count294
\everyMPshowfont=\toks23
\MPscratchCnt=\count295
\MPscratchDim=\dimen166
\MPnumerator=\count296
\makeMPintoPDFobject=\count297
\everyMPtoPDFconversion=\toks24
) (/usr/share/texmf-dist/tex/latex/epstopdf-pkg/epstopdf-base.sty
Package: epstopdf-base 2020-01-24 v2.11 Base part for package epstopdf

(/usr/share/texmf-dist/tex/latex/grfext/grfext.sty
Package: grfext 2019/12/03 v1.3 Manage graphics extensions (HO)
)
Package epstopdf-base Info: Redefining graphics rule for `.eps' on input line 4
85.
Package grfext Info: Graphics extension search list:
(grfext)             [.pdf,.png,.jpg,.mps,.jpeg,.jbig2,.jb2,.PDF,.PNG,.JPG,.JPE
G,.JBIG2,.JB2,.eps]
(grfext)             \AppendGraphicsExtensions on input line 504.

(/usr/share/texmf-dist/tex/latex/latexconfig/epstopdf-sys.cfg
File: epstopdf-sys.cfg 2010/07/13 v1.3 Configuration of (r)epstopdf for TeX Liv
e
))
(/usr/share/texmf-dist/tex/latex/graphics/color.sty
Package: color 2022/01/06 v1.3d Standard LaTeX Color (DPC)

(/usr/share/texmf-dist/tex/latex/graphics-cfg/color.cfg
File: color.cfg 2016/01/02 v1.6 sample color configuration
)
Package color Info: Driver file: pdftex.def on input line 149.

(/usr/share/texmf-dist/tex/latex/graphics/mathcolor.ltx))
Package hyperref Info: Link coloring ON on input line 4.
 (./main.out)
(./main.out)
\@outlinefile=\write3
\openout3 = `main.out'.


*geometry* driver: auto-detecting
*geometry* detected driver: pdftex
*geometry* verbose mode - [ preamble ] result:
* driver: pdftex
* paper: a4paper
* layout: <same size as paper>
* layoutoffset:(h,v)=(0.0pt,0.0pt)
* modes: 
* h-part:(L,W,R)=(99.58464pt, 426.79135pt, 71.13188pt)
* v-part:(T,H,B)=(71.13188pt, 672.50832pt, 101.40665pt)
* \paperwidth=597.50787pt
* \paperheight=845.04684pt
* \textwidth=426.79135pt
* \textheight=672.50832pt
* \oddsidemargin=27.31465pt
* \evensidemargin=27.31465pt
* \topmargin=-38.1381pt
* \headheight=12.0pt
* \headsep=25.0pt
* \topskip=12.0pt
* \footskip=30.0pt
* \marginparwidth=35.0pt
* \marginparsep=10.0pt
* \columnsep=10.0pt
* \skip\footins=10.8pt plus 4.0pt minus 2.0pt
* \hoffset=0.0pt
* \voffset=0.0pt
* \mag=1000
* \@twocolumnfalse
* \@twosidefalse
* \@mparswitchfalse
* \@reversemarginfalse
* (1in=72.27pt=25.4mm, 1cm=28.453pt)

\openout2 = `titlepage.aux'.

(./titlepage.tex
! Missing number, treated as zero.
<to be read again> 
                   \vfill 
l.6     \vspace*{\vfill}
                        
A number should have been here; I inserted `0'.
(If you can't figure out why I needed to see a number,
look up `weird error' in the index to The TeXbook.)

! Illegal unit of measure (pt inserted).
<to be read again> 
                   \vfill 
l.6     \vspace*{\vfill}
                        
Dimensions can be in units of em, ex, in, pt, pc,
cm, mm, dd, cc, nd, nc, bp, or sp; but yours is a new one!
I'll assume that you meant to say pt, for printer's points.
To recover gracefully from this error, it's best to
delete the erroneous units; e.g., type `2' to delete
two letters. (See Chapter 27 of The TeXbook.)

! Missing number, treated as zero.
<to be read again> 
                   \vfill 
l.10     \vspace*{\vfill}
                         
A number should have been here; I inserted `0'.
(If you can't figure out why I needed to see a number,
look up `weird error' in the index to The TeXbook.)

! Illegal unit of measure (pt inserted).
<to be read again> 
                   \vfill 
l.10     \vspace*{\vfill}
                         
Dimensions can be in units of em, ex, in, pt, pc,
cm, mm, dd, cc, nd, nc, bp, or sp; but yours is a new one!
I'll assume that you meant to say pt, for printer's points.
To recover gracefully from this error, it's best to
delete the erroneous units; e.g., type `2' to delete
two letters. (See Chapter 27 of The TeXbook.)

[1


{/var/lib/texmf/fonts/map/pdftex/updmap/pdftex.map}{/usr/share/texmf-dist/fonts
/enc/dvips/base/8r.enc}]
! Extra }, or forgotten \endgroup.
<recently read> }
                 
l.19 ...öKROMN√Å STREDN√Å ODBORN√Å ≈†KOLA - ELBA}}
                                                   \\
I've deleted a group-closing symbol because it seems to be
spurious, as in `$x}$'. But perhaps the } is legitimate and
you forgot something else, as in `\hbox{$x}'. In such cases
the way to recover is to insert both the forgotten and the
deleted material, e.g., by typing `I$}'.

! Extra }, or forgotten \endgroup.
<recently read> }
                 
l.20     \heading{PRE≈†OV}}
                            \\
I've deleted a group-closing symbol because it seems to be
spurious, as in `$x}$'. But perhaps the } is legitimate and
you forgot something else, as in `\hbox{$x}'. In such cases
the way to recover is to insert both the forgotten and the
deleted material, e.g., by typing `I$}'.

! Missing number, treated as zero.
<to be read again> 
                   \vfill 
l.41     \vspace*{\vfill}
                         
A number should have been here; I inserted `0'.
(If you can't figure out why I needed to see a number,
look up `weird error' in the index to The TeXbook.)

! Illegal unit of measure (pt inserted).
<to be read again> 
                   \vfill 
l.41     \vspace*{\vfill}
                         
Dimensions can be in units of em, ex, in, pt, pc,
cm, mm, dd, cc, nd, nc, bp, or sp; but yours is a new one!
I'll assume that you meant to say pt, for printer's points.
To recover gracefully from this error, it's best to
delete the erroneous units; e.g., type `2' to delete
two letters. (See Chapter 27 of The TeXbook.)


pdfTeX warning (ext4): destination with the same identifier (name{page.}) has b
een already used, duplicate ignored
<to be read again> 
                   \relax 
l.47 \end{titlepage}
                     [2])
\openout2 = `introduction.aux'.

 (./introduction.tex
Underfull \hbox (badness 10000) in paragraph at lines 6--7

 []

! Illegal unit of measure (pt inserted).
<to be read again> 
                   \relax 
l.12 \begin{adjustwidth}{0}{2cm}
                                
Dimensions can be in units of em, ex, in, pt, pc,
cm, mm, dd, cc, nd, nc, bp, or sp; but yours is a new one!
I'll assume that you meant to say pt, for printer's points.
To recover gracefully from this error, it's best to
delete the erroneous units; e.g., type `2' to delete
two letters. (See Chapter 27 of The TeXbook.)


pdfTeX warning (ext4): destination with the same identifier (name{page.}) has b
een already used, duplicate ignored
<to be read again> 
                   \relax 
l.18 \emptypage
                [1



]
Underfull \hbox (badness 10000) in paragraph at lines 25--26

 []

! Illegal unit of measure (pt inserted).
<to be read again> 
                   \relax 
l.31 \begin{adjustwidth}{0}{2cm}
                                
Dimensions can be in units of em, ex, in, pt, pc,
cm, mm, dd, cc, nd, nc, bp, or sp; but yours is a new one!
I'll assume that you meant to say pt, for printer's points.
To recover gracefully from this error, it's best to
delete the erroneous units; e.g., type `2' to delete
two letters. (See Chapter 27 of The TeXbook.)

)
pdfTeX warning (ext4): destination with the same identifier (name{page.}) has b
een already used, duplicate ignored
<to be read again> 
                   \relax 
l.9   \include{introduction}
                             [2] (./main.toc)
\tf@toc=\write4
\openout4 = `main.toc'.


pdfTeX warning (ext4): destination with the same identifier (name{page.}) has b
een already used, duplicate ignored
<to be read again> 
                   \relax 
l.16   \newpage
                [3


] [1]
LaTeX Font Info:    Trying to load font information for TS1+ptm on input line 3
3.
 (/usr/share/texmf-dist/tex/latex/psnfss/ts1ptm.fd
File: ts1ptm.fd 2001/06/04 font definitions for TS1/ptm.
)
Overfull \hbox (5.92351pt too wide) in paragraph at lines 43--46
\OT1/ptm/m/n/12 celom odvetv[]^^P. glTF 2.0 bol vydan[]y ako medzin[]arodn[]a n
orma [][]\OT1/ptm/b/n/12 ISO/IEC 12113:2022[][]\OT1/ptm/m/n/12 . 
 []


Overfull \hbox (17.99469pt too wide) in paragraph at lines 61--63
[]\OT1/ptm/m/n/12 JavaScript (JS) je []lahk[]y interpretovan[]y (alebo just-in-
time skompilovan[]y) programovac[]^^P
 []

[2]
Overfull \hbox (2.7207pt too wide) in paragraph at lines 66--69
\OT1/ptm/m/n/12 T[]ym, []ze poskytuje len minim[]alny povrch API, je gulp []lah
ko nau[]cite[]ln[]y a jednoduch[]y
 []

[3]
Overfull \hbox (0.87245pt too wide) in paragraph at lines 85--86
\OT1/ptm/m/n/12 Pri vytv[]aran[]^^P 3D vizualiz[]acie obalu je nevyhnutn[]e ven
ova[]t pozornos[]t nieko[]lk[]ym kritick[]ym
 []

[4] [5]
Overfull \hbox (2.22876pt too wide) in paragraph at lines 108--109
\OT1/ptm/m/n/12 Idea pre tento projekt sa zarodila e[]ste v tretiom ro[]cniku n
a konci []skolkeho roku. Rozmy[]s[]lal
 []

<./images//logo.png, id=151, 337.26pt x 77.28876pt>
File: ./images//logo.png Graphic file (type png)
<use ./images//logo.png>
Package pdftex.def Info: ./images//logo.png  used on input line 127.
(pdftex.def)             Requested size: 337.25917pt x 77.28856pt.
[6]
Overfull \hbox (17.72928pt too wide) in paragraph at lines 136--137
[]\OT1/ptm/m/n/12 V prvom rade som pre u[]lah[]cenie modelovania nastavil zobra
zovanie hodn[]ot v milimetroch
 []


Underfull \hbox (badness 10000) in paragraph at lines 136--137

 []

<./images//box/12.png, id=156, 387.4475pt x 296.10625pt>
File: ./images//box/12.png Graphic file (type png)
<use ./images//box/12.png>
Package pdftex.def Info: ./images//box/12.png  used on input line 139.
(pdftex.def)             Requested size: 341.43306pt x 260.94478pt.

Underfull \hbox (badness 10000) in paragraph at lines 142--143

 []

<./images//box/13.png, id=157, 425.59pt x 418.56375pt>
File: ./images//box/13.png Graphic file (type png)
<use ./images//box/13.png>
Package pdftex.def Info: ./images//box/13.png  used on input line 145.
(pdftex.def)             Requested size: 341.43306pt x 335.81584pt.
[7 <./images//logo.png> <./images//box/12.png (PNG copy)>]
Overfull \hbox (4.32706pt too wide) in paragraph at lines 148--149
[]\OT1/ptm/m/n/12 Najprv som vytvoril kocku a pomocou r[]oznych n[]astrojov, kt
or[]e n[]am Blender poskytuje,
 []


Underfull \hbox (badness 10000) in paragraph at lines 148--149

 []

<./images//box/1.png, id=163, 889.3225pt x 554.07pt>
File: ./images//box/1.png Graphic file (type png)
<use ./images//box/1.png>
Package pdftex.def Info: ./images//box/1.png  used on input line 151.
(pdftex.def)             Requested size: 341.43306pt x 212.72157pt.

Underfull \hbox (badness 10000) in paragraph at lines 154--155

 []

[8 <./images//box/13.png (PNG copy)> <./images//box/1.png (PNG copy)>]
Underfull \hbox (badness 10000) in paragraph at lines 156--157

 []

<./images//box/14.png, id=169, 1227.58624pt x 444.66125pt>
File: ./images//box/14.png Graphic file (type png)
<use ./images//box/14.png>
Package pdftex.def Info: ./images//box/14.png  used on input line 159.
(pdftex.def)             Requested size: 341.43306pt x 123.67653pt.

Underfull \hbox (badness 10000) in paragraph at lines 162--163

 []

<./images//box/15.png, id=170, 1058.95625pt x 537.00626pt>
File: ./images//box/15.png Graphic file (type png)
<use ./images//box/15.png>
Package pdftex.def Info: ./images//box/15.png  used on input line 165.
(pdftex.def)             Requested size: 341.43306pt x 173.14017pt.

Underfull \hbox (badness 10000) in paragraph at lines 168--169

 []

<./images//box/16.png, id=171, 1028.84375pt x 687.56876pt>
File: ./images//box/16.png Graphic file (type png)
<use ./images//box/16.png>
Package pdftex.def Info: ./images//box/16.png  used on input line 171.
(pdftex.def)             Requested size: 341.43306pt x 228.17834pt.
[9 <./images//box/14.png (PNG copy)> <./images//box/15.png (PNG copy)>]
Underfull \hbox (badness 10000) in paragraph at lines 174--175

 []

<./images//box/17.png, id=176, 895.345pt x 947.54pt>
File: ./images//box/17.png Graphic file (type png)
<use ./images//box/17.png>
Package pdftex.def Info: ./images//box/17.png  used on input line 177.
(pdftex.def)             Requested size: 341.43306pt x 361.34126pt.

Underfull \hbox (badness 10000) in paragraph at lines 180--181

 []

[10 <./images//box/16.png (PNG copy)> <./images//box/17.png (PNG copy)>]
<./images//box/18.png, id=181, 1927.2pt x 1084.05pt>
File: ./images//box/18.png Graphic file (type png)
<use ./images//box/18.png>
Package pdftex.def Info: ./images//box/18.png  used on input line 183.
(pdftex.def)             Requested size: 398.33858pt x 224.05122pt.
<./images//box/9.png, id=183, 913.4125pt x 689.57625pt>
File: ./images//box/9.png Graphic file (type png)
<use ./images//box/9.png>
Package pdftex.def Info: ./images//box/9.png  used on input line 189.
(pdftex.def)             Requested size: 398.33858pt x 300.72083pt.
<./images//box/10.png, id=184, 2569.6pt x 1445.4pt>
File: ./images//box/10.png Graphic file (type png)
<use ./images//box/10.png>
Package pdftex.def Info: ./images//box/10.png  used on input line 195.
(pdftex.def)             Requested size: 398.33858pt x 224.05673pt.

[11 <./images//box/18.png> <./images//box/9.png>]
<./images//keychains/9.jpg, id=191, 236.885pt x 236.885pt>
File: ./images//keychains/9.jpg Graphic file (type jpg)
<use ./images//keychains/9.jpg>
Package pdftex.def Info: ./images//keychains/9.jpg  used on input line 209.
(pdftex.def)             Requested size: 284.52756pt x 284.53528pt.
 [12 <./images//box/10.png (PNG copy)> <./images//keychains/9.jpg>]
<./images//keychains/1.png, id=197, 1927.2pt x 1084.05pt>
File: ./images//keychains/1.png Graphic file (type png)
<use ./images//keychains/1.png>
Package pdftex.def Info: ./images//keychains/1.png  used on input line 218.
(pdftex.def)             Requested size: 398.33858pt x 224.05122pt.

Overfull \hbox (0.92192pt too wide) in paragraph at lines 218--219
[][] 
 []

<./images//keychains/2.png, id=198, 1927.2pt x 1084.05pt>
File: ./images//keychains/2.png Graphic file (type png)
<use ./images//keychains/2.png>
Package pdftex.def Info: ./images//keychains/2.png  used on input line 222.
(pdftex.def)             Requested size: 398.33858pt x 224.05122pt.

Overfull \hbox (0.92192pt too wide) in paragraph at lines 222--223
[][] 
 []

<./images//keychains/4.png, id=199, 1927.2pt x 1084.05pt>
File: ./images//keychains/4.png Graphic file (type png)
<use ./images//keychains/4.png>
Package pdftex.def Info: ./images//keychains/4.png  used on input line 226.
(pdftex.def)             Requested size: 398.33858pt x 224.05122pt.

Overfull \hbox (0.92192pt too wide) in paragraph at lines 226--227
[][] 
 []

[13 <./images//keychains/1.png> <./images//keychains/2.png>]
<./images//keychains/5.png, id=207, 1927.2pt x 1084.05pt>
File: ./images//keychains/5.png Graphic file (type png)
<use ./images//keychains/5.png>
Package pdftex.def Info: ./images//keychains/5.png  used on input line 230.
(pdftex.def)             Requested size: 398.33858pt x 224.05122pt.

Overfull \hbox (0.92192pt too wide) in paragraph at lines 230--231
[][] 
 []

<./images//keychains/6.png, id=208, 1927.2pt x 1084.05pt>
File: ./images//keychains/6.png Graphic file (type png)
<use ./images//keychains/6.png>
Package pdftex.def Info: ./images//keychains/6.png  used on input line 234.
(pdftex.def)             Requested size: 398.33858pt x 224.05122pt.

Overfull \hbox (0.92192pt too wide) in paragraph at lines 234--236
[][] 
 []

[14 <./images//keychains/4.png> <./images//keychains/5.png>] [15 <./images//key
chains/6.png>] (./main.aux (./titlepage.aux) (./introduction.aux))
Package rerunfilecheck Info: File `main.out' has not changed.
(rerunfilecheck)             Checksum: 4BFE11B881CB72861C0D861C650D3EFB;3382.
 ) 
Here is how much of TeX's memory you used:
 11424 strings out of 477985
 180484 string characters out of 5840059
 1861388 words of memory out of 5000000
 31394 multiletter control sequences out of 15000+600000
 523488 words of font info for 55 fonts, out of 8000000 for 9000
 14 hyphenation exceptions out of 8191
 80i,6n,79p,627b,552s stack positions out of 10000i,1000n,20000p,200000b,200000s
</usr/share/texmf-dist/fonts/type1/urw/times/utmb8a.pfb></usr/share/texmf-dis
t/fonts/type1/urw/times/utmr8a.pfb>
Output written on main.pdf (20 pages, 11232086 bytes).
PDF statistics:
 245 PDF objects out of 1000 (max. 8388607)
 192 compressed objects within 2 object streams
 38 named destinations out of 1000 (max. 500000)
 238 words of extra memory for PDF output out of 10000 (max. 10000000)

